2020-08-13 14:25:21 +0000  Initial pipeline context: <IDEDistributionProcessingPipelineContext: 0x7f89577e6050; archive(resolved)='<IDEArchive: 0x7f8934e68d90>', distributionTask(resolved)='2', distributionDestination(resolved)='2', distributionMethod(resolved)='<IDEDistributionMethodiOSAppStoreDistribution: 0x7f8965d92590>', team(resolved)='<IDEProvisioningDisambiguatableBasicTeam: 0x7f8965efaf00; teamID='35FX3LGRRA', teamName='Quickbuy Services Ltd', teamType='Company', username='adeniran.adeyinka@optisoft.ng', isFreeProvisioningTeam='0'>'>
	Chain (13, self inclusive):
	<IDEDistributionProcessingPipelineContext: 0x7f89577e6050; archive = '<IDEArchive: 0x7f8934e68d90>', distributionMethod='<IDEDistributionMethodiOSAppStoreDistribution: 0x7f8965d92590>', team='<IDEProvisioningDisambiguatableBasicTeam: 0x7f8965efaf00; teamID='35FX3LGRRA', teamName='Quickbuy Services Ltd', teamType='Company', username='adeniran.adeyinka@optisoft.ng', isFreeProvisioningTeam='0'>'>
	<IDEDistributionProcessingPipelineContext: 0x7f89695cac50; archive = '<IDEArchive: 0x7f8934e68d90>', distributionMethod='<IDEDistributionMethodiOSAppStoreDistribution: 0x7f8965d92590>', team='<IDEProvisioningDisambiguatableBasicTeam: 0x7f8965efaf00; teamID='35FX3LGRRA', teamName='Quickbuy Services Ltd', teamType='Company', username='adeniran.adeyinka@optisoft.ng', isFreeProvisioningTeam='0'>'>
	<IDEDistributionContext: 0x7f895535a7e0; archive = '<IDEArchive: 0x7f8934e68d90>', distributionMethod='<IDEDistributionMethodiOSAppStoreDistribution: 0x7f8965d92590>', team='<IDEProvisioningDisambiguatableBasicTeam: 0x7f8965efaf00; teamID='35FX3LGRRA', teamName='Quickbuy Services Ltd', teamType='Company', username='adeniran.adeyinka@optisoft.ng', isFreeProvisioningTeam='0'>'>
	<IDEDistributionContext: 0x7f89546334d0; archive = '<IDEArchive: 0x7f8934e68d90>', distributionMethod='<IDEDistributionMethodiOSAppStoreDistribution: 0x7f8965d92590>', team='<IDEProvisioningDisambiguatableBasicTeam: 0x7f8965efaf00; teamID='35FX3LGRRA', teamName='Quickbuy Services Ltd', teamType='Company', username='adeniran.adeyinka@optisoft.ng', isFreeProvisioningTeam='0'>'>
	<IDEDistributionContext: 0x7f8965be48e0; archive = '<IDEArchive: 0x7f8934e68d90>', distributionMethod='<IDEDistributionMethodiOSAppStoreDistribution: 0x7f8965d92590>', team='<IDEProvisioningDisambiguatableBasicTeam: 0x7f8965efaf00; teamID='35FX3LGRRA', teamName='Quickbuy Services Ltd', teamType='Company', username='adeniran.adeyinka@optisoft.ng', isFreeProvisioningTeam='0'>'>
	<IDEDistributionContext: 0x7f8952594b60; archive = '<IDEArchive: 0x7f8934e68d90>', distributionMethod='<IDEDistributionMethodiOSAppStoreDistribution: 0x7f8965d92590>', team='<IDEProvisioningDisambiguatableBasicTeam: 0x7f8965efaf00; teamID='35FX3LGRRA', teamName='Quickbuy Services Ltd', teamType='Company', username='adeniran.adeyinka@optisoft.ng', isFreeProvisioningTeam='0'>'>
	<IDEDistributionContext: 0x7f898a3ba040; archive = '<IDEArchive: 0x7f8934e68d90>', distributionMethod='<IDEDistributionMethodiOSAppStoreDistribution: 0x7f8965d92590>', team='<IDEProvisioningDisambiguatableBasicTeam: 0x7f8965efaf00; teamID='35FX3LGRRA', teamName='Quickbuy Services Ltd', teamType='Company', username='adeniran.adeyinka@optisoft.ng', isFreeProvisioningTeam='0'>'>
	<IDEDistributionContext: 0x7f892fedc210; archive = '<IDEArchive: 0x7f8934e68d90>', distributionMethod='<IDEDistributionMethodiOSAppStoreDistribution: 0x7f8965d92590>', team='<IDEProvisioningDisambiguatableBasicTeam: 0x7f8965efaf00; teamID='35FX3LGRRA', teamName='Quickbuy Services Ltd', teamType='Company', username='adeniran.adeyinka@optisoft.ng', isFreeProvisioningTeam='0'>'>
	<IDEDistributionContext: 0x7f894d50ba80; archive = '<IDEArchive: 0x7f8934e68d90>', distributionMethod='<IDEDistributionMethodiOSAppStoreDistribution: 0x7f8965d92590>', team='<IDEProvisioningDisambiguatableBasicTeam: 0x7f8965efaf00; teamID='35FX3LGRRA', teamName='Quickbuy Services Ltd', teamType='Company', username='adeniran.adeyinka@optisoft.ng', isFreeProvisioningTeam='0'>'>
	<IDEDistributionContext: 0x7f898180a970; archive = '<IDEArchive: 0x7f8934e68d90>', distributionMethod='<IDEDistributionMethodiOSAppStoreDistribution: 0x7f8965d92590>', team='<IDEProvisioningDisambiguatableBasicTeam: 0x7f8965efaf00; teamID='35FX3LGRRA', teamName='Quickbuy Services Ltd', teamType='Company', username='adeniran.adeyinka@optisoft.ng', isFreeProvisioningTeam='0'>'>
	<IDEDistributionContext: 0x7f8965f319b0; archive = '<IDEArchive: 0x7f8934e68d90>', distributionMethod='<IDEDistributionMethodiOSAppStoreDistribution: 0x7f8965d92590>', team='(null)'>
	<IDEDistributionContext: 0x7f898189bad0; archive = '<IDEArchive: 0x7f8934e68d90>', distributionMethod='<IDEDistributionMethodiOSAppStoreDistribution: 0x7f8965d92590>', team='(null)'>
	<IDEDistributionContext: 0x7f898186fda0; archive = '<IDEArchive: 0x7f8934e68d90>', distributionMethod='(null)', team='(null)'>
</IDEDistributionProcessingPipelineContext: 0x7f89577e6050>
2020-08-13 14:25:21 +0000  Processing step: IDEDistributionCreateDestRootStep
2020-08-13 14:25:21 +0000  Processing step: IDEDistributionCopyItemStep
2020-08-13 14:25:21 +0000  Running /usr/bin/ditto '-V' '/Users/adeyinkaadeniran/Library/Developer/Xcode/Archives/2020-08-13/airtnd 8-13-20, 3.20 PM.xcarchive/Products/Applications/airtnd.app' '/var/folders/fj/s5v_w6tn4sbfqh_0f5_57vw00000gn/T/XcodeDistPipeline.rbF/Root/Payload/airtnd.app'
2020-08-13 14:25:22 +0000  >>> Copying /Users/adeyinkaadeniran/Library/Developer/Xcode/Archives/2020-08-13/airtnd 8-13-20, 3.20 PM.xcarchive/Products/Applications/airtnd.app 
2020-08-13 14:25:22 +0000  copying file ./_CodeSignature/CodeResources ... 
2020-08-13 14:25:23 +0000  14830 bytes for ./_CodeSignature/CodeResources
2020-08-13 14:25:23 +0000  copying file ./AccessibilityResources.bundle/en.lproj/Localizable.strings ... 
2020-08-13 14:25:23 +0000  530 bytes for ./AccessibilityResources.bundle/en.lproj/Localizable.strings
2020-08-13 14:25:23 +0000  copying file ./AccessibilityResources.bundle/Info.plist ... 
745 bytes for ./AccessibilityResources.bundle/Info.plist
copying file ./airtnd ... 
2020-08-13 14:25:28 +0000  44369360 bytes for ./airtnd
2020-08-13 14:25:28 +0000  copying file ./assets/app.json ... 
49 bytes for ./assets/app.json
2020-08-13 14:25:28 +0000  copying file ./assets/node_modules/react-native/Libraries/NewAppScreen/components/logo.png ... 
2020-08-13 14:25:28 +0000  24031 bytes for ./assets/node_modules/react-native/Libraries/NewAppScreen/components/logo.png
copying file ./assets/node_modules/react-navigation-stack/lib/module/vendor/views/assets/back-icon-mask.png ... 
2020-08-13 14:25:28 +0000  913 bytes for ./assets/node_modules/react-navigation-stack/lib/module/vendor/views/assets/back-icon-mask.png
copying file ./assets/node_modules/react-navigation-stack/lib/module/vendor/views/assets/back-icon.png ... 
290 bytes for ./assets/node_modules/react-navigation-stack/lib/module/vendor/views/assets/back-icon.png
copying file ./assets/node_modules/react-navigation-stack/lib/module/vendor/views/assets/back-icon@2x.png ... 
405 bytes for ./assets/node_modules/react-navigation-stack/lib/module/vendor/views/assets/back-icon@2x.png
copying file ./assets/node_modules/react-navigation-stack/lib/module/vendor/views/assets/back-icon@3x.png ... 
761 bytes for ./assets/node_modules/react-navigation-stack/lib/module/vendor/views/assets/back-icon@3x.png
copying file ./assets/src/imgs/1.png ... 
12850 bytes for ./assets/src/imgs/1.png
copying file ./assets/src/imgs/2.png ... 
2020-08-13 14:25:29 +0000  800 bytes for ./assets/src/imgs/2.png
copying file ./assets/src/imgs/9mobile.png ... 
4595 bytes for ./assets/src/imgs/9mobile.png
copying file ./assets/src/imgs/about.png ... 
587 bytes for ./assets/src/imgs/about.png
copying file ./assets/src/imgs/airtel.png ... 
2020-08-13 14:25:29 +0000  2184 bytes for ./assets/src/imgs/airtel.png
copying file ./assets/src/imgs/back.png ... 
2717 bytes for ./assets/src/imgs/back.png
copying file ./assets/src/imgs/check-circle.png ... 
2020-08-13 14:25:29 +0000  6756 bytes for ./assets/src/imgs/check-circle.png
copying file ./assets/src/imgs/contact.png ... 
2020-08-13 14:25:29 +0000  503 bytes for ./assets/src/imgs/contact.png
copying file ./assets/src/imgs/edit-profile.png ... 
2020-08-13 14:25:29 +0000  427 bytes for ./assets/src/imgs/edit-profile.png
copying file ./assets/src/imgs/glo.png ... 
3498 bytes for ./assets/src/imgs/glo.png
copying file ./assets/src/imgs/home.png ... 
2020-08-13 14:25:29 +0000  392 bytes for ./assets/src/imgs/home.png
copying file ./assets/src/imgs/home1.png ... 
383 bytes for ./assets/src/imgs/home1.png
copying file ./assets/src/imgs/logo.png ... 
6586 bytes for ./assets/src/imgs/logo.png
copying file ./assets/src/imgs/logout.png ... 
2020-08-13 14:25:29 +0000  22855 bytes for ./assets/src/imgs/logout.png
copying file ./assets/src/imgs/mobile1.png ... 
2020-08-13 14:25:29 +0000  2659 bytes for ./assets/src/imgs/mobile1.png
copying file ./assets/src/imgs/mobile2.png ... 
2020-08-13 14:25:30 +0000  8225 bytes for ./assets/src/imgs/mobile2.png
copying file ./assets/src/imgs/mtn.png ... 
1801 bytes for ./assets/src/imgs/mtn.png
copying file ./assets/src/imgs/profile.png ... 
2020-08-13 14:25:30 +0000  337 bytes for ./assets/src/imgs/profile.png
copying file ./assets/src/imgs/profile1.png ... 
333 bytes for ./assets/src/imgs/profile1.png
copying file ./assets/src/imgs/round-profile.png ... 
4078 bytes for ./assets/src/imgs/round-profile.png
copying file ./assets/src/imgs/selected.png ... 
2020-08-13 14:25:30 +0000  2206 bytes for ./assets/src/imgs/selected.png
copying file ./assets/src/imgs/settings.png ... 
2020-08-13 14:25:30 +0000  767 bytes for ./assets/src/imgs/settings.png
copying file ./assets/src/imgs/transaction.png ... 
2020-08-13 14:25:30 +0000  391 bytes for ./assets/src/imgs/transaction.png
copying file ./assets/src/imgs/transaction1.png ... 
397 bytes for ./assets/src/imgs/transaction1.png
copying file ./assets/src/imgs/unselected.png ... 
2020-08-13 14:25:30 +0000  778 bytes for ./assets/src/imgs/unselected.png
copying file ./assets/src/imgs/wallet.png ... 
2020-08-13 14:25:30 +0000  615 bytes for ./assets/src/imgs/wallet.png
copying file ./Assets.car ... 
2020-08-13 14:25:31 +0000  38520 bytes for ./Assets.car
2020-08-13 14:25:31 +0000  copying file ./Base.lproj/LaunchScreen.nib ... 
2020-08-13 14:25:31 +0000  1278 bytes for ./Base.lproj/LaunchScreen.nib
copying file ./embedded.mobileprovision ... 
13662 bytes for ./embedded.mobileprovision
copying file ./Info.plist ... 
2020-08-13 14:25:31 +0000  1333 bytes for ./Info.plist
copying file ./main.jsbundle ... 
2020-08-13 14:25:31 +0000  1197831 bytes for ./main.jsbundle
copying file ./PkgInfo ... 
8 bytes for ./PkgInfo
2020-08-13 14:25:31 +0000  /usr/bin/ditto exited with 0
2020-08-13 14:25:32 +0000  Processing step: IDEDistributionEmbedProfileStep
2020-08-13 14:25:32 +0000  Processing step: IDEDistributionItemRemovalStep
2020-08-13 14:25:32 +0000  Processing step: IDEDistributionAppThinningPlistStep
2020-08-13 14:25:32 +0000  Skipping step: IDEDistributionAppThinningPlistStep because it said so
2020-08-13 14:25:32 +0000  Processing step: IDEDistributionCompileBitcodeStep
2020-08-13 14:25:32 +0000  Skipping step: IDEDistributionCompileBitcodeStep because it said so
2020-08-13 14:25:32 +0000  Processing step: IDEDistributionCodeSlimmingStep
2020-08-13 14:25:35 +0000  Processing step: IDEDistributionCopyBCSymbolMapsStep
2020-08-13 14:25:36 +0000  Running /usr/bin/ditto '-V' '/Users/adeyinkaadeniran/Library/Developer/Xcode/Archives/2020-08-13/airtnd 8-13-20, 3.20 PM.xcarchive/BCSymbolMaps/7396E47D-0164-352C-85EE-CDB3268BC740.bcsymbolmap' '/var/folders/fj/s5v_w6tn4sbfqh_0f5_57vw00000gn/T/XcodeDistPipeline.rbF/Root/BCSymbolMaps/7396E47D-0164-352C-85EE-CDB3268BC740.bcsymbolmap'
2020-08-13 14:25:36 +0000  >>> Copying /Users/adeyinkaadeniran/Library/Developer/Xcode/Archives/2020-08-13/airtnd 8-13-20, 3.20 PM.xcarchive/BCSymbolMaps/7396E47D-0164-352C-85EE-CDB3268BC740.bcsymbolmap 
2020-08-13 14:25:37 +0000  copying file ./7396E47D-0164-352C-85EE-CDB3268BC740.bcsymbolmap ... 
2020-08-13 14:25:37 +0000  1438837 bytes for ./7396E47D-0164-352C-85EE-CDB3268BC740.bcsymbolmap
2020-08-13 14:25:37 +0000  /usr/bin/ditto exited with 0
2020-08-13 14:25:37 +0000  Running /usr/bin/ditto '-V' '/Users/adeyinkaadeniran/Library/Developer/Xcode/Archives/2020-08-13/airtnd 8-13-20, 3.20 PM.xcarchive/BCSymbolMaps/337BD0F2-182F-3BD7-B522-0495F91FEED2.bcsymbolmap' '/var/folders/fj/s5v_w6tn4sbfqh_0f5_57vw00000gn/T/XcodeDistPipeline.rbF/Root/BCSymbolMaps/337BD0F2-182F-3BD7-B522-0495F91FEED2.bcsymbolmap'
2020-08-13 14:25:37 +0000  >>> Copying /Users/adeyinkaadeniran/Library/Developer/Xcode/Archives/2020-08-13/airtnd 8-13-20, 3.20 PM.xcarchive/BCSymbolMaps/337BD0F2-182F-3BD7-B522-0495F91FEED2.bcsymbolmap 
copying file ./337BD0F2-182F-3BD7-B522-0495F91FEED2.bcsymbolmap ... 
2020-08-13 14:25:37 +0000  1480963 bytes for ./337BD0F2-182F-3BD7-B522-0495F91FEED2.bcsymbolmap
2020-08-13 14:25:37 +0000  /usr/bin/ditto exited with 0
2020-08-13 14:25:38 +0000  Processing step: IDEDistributionSymbolsStep
2020-08-13 14:25:38 +0000  Excluding symbols for airtnd.app
2020-08-13 14:25:38 +0000  Processing step: IDEDistributionCopyAppleProvidedContentStep
2020-08-13 14:25:38 +0000  Processing step: IDEDistributionAppThinningStep
2020-08-13 14:25:38 +0000  Skipping step: IDEDistributionAppThinningStep because it said so
2020-08-13 14:25:38 +0000  Processing step: IDEDistributionODRStep
2020-08-13 14:25:38 +0000  Processing step: IDEDistributionStripXattrsStep
2020-08-13 14:25:38 +0000  Running /usr/bin/xattr '-crs' '/var/folders/fj/s5v_w6tn4sbfqh_0f5_57vw00000gn/T/XcodeDistPipeline.rbF/Root/Payload/airtnd.app'
2020-08-13 14:25:58 +0000  /usr/bin/xattr exited with 0
2020-08-13 14:25:58 +0000  Processing step: IDEDistributionCodesignStep
2020-08-13 14:25:58 +0000  Entitlements for <IDEDistributionItem: 0x7f89548f7b40 'com.optisoft.airtnd' '<DVTFilePath:0x7f892fbb4250:'/Users/adeyinkaadeniran/Library/Developer/Xcode/Archives/2020-08-13/airtnd 8-13-20, 3.20 PM.xcarchive/Products/Applications/airtnd.app'>'>: {
    "application-identifier" = "35FX3LGRRA.com.optisoft.airtnd";
    "beta-reports-active" = 1;
    "com.apple.developer.team-identifier" = 35FX3LGRRA;
    "get-task-allow" = 0;
    "keychain-access-groups" =     (
        "35FX3LGRRA.com.optisoft.airtnd"
    );
}
2020-08-13 14:25:59 +0000  Writing entitlements for <IDEDistributionItem: 0x7f89548f7b40 'com.optisoft.airtnd' '<DVTFilePath:0x7f892fbb4250:'/Users/adeyinkaadeniran/Library/Developer/Xcode/Archives/2020-08-13/airtnd 8-13-20, 3.20 PM.xcarchive/Products/Applications/airtnd.app'>'> to: /var/folders/fj/s5v_w6tn4sbfqh_0f5_57vw00000gn/T/XcodeDistPipeline.rbF/entitlementsmjYIoB
2020-08-13 14:25:59 +0000  Running /usr/bin/codesign '-vvv' '--force' '--sign' 'D8D773931250BBAD2435BA898EAF98641E5D5E09' '--entitlements' '/var/folders/fj/s5v_w6tn4sbfqh_0f5_57vw00000gn/T/XcodeDistPipeline.rbF/entitlementsmjYIoB' '--preserve-metadata=identifier,flags,runtime' '/var/folders/fj/s5v_w6tn4sbfqh_0f5_57vw00000gn/T/XcodeDistPipeline.rbF/Root/Payload/airtnd.app'
2020-08-13 14:26:06 +0000  /var/folders/fj/s5v_w6tn4sbfqh_0f5_57vw00000gn/T/XcodeDistPipeline.rbF/Root/Payload/airtnd.app: signed app bundle with Mach-O universal (armv7 arm64) [com.optisoft.airtnd]
2020-08-13 14:26:06 +0000  /usr/bin/codesign exited with 0
2020-08-13 14:26:06 +0000  Processing step: IDEDistributionZipODRItemStep
2020-08-13 14:26:06 +0000  Skipping step: IDEDistributionZipODRItemStep because it said so
2020-08-13 14:26:06 +0000  Processing step: IDEDistributionCreateIPAStep
2020-08-13 14:26:06 +0000  Running /usr/bin/ditto '-V' '-c' '-k' '--norsrc' '/var/folders/fj/s5v_w6tn4sbfqh_0f5_57vw00000gn/T/XcodeDistPipeline.rbF/Root' '/var/folders/fj/s5v_w6tn4sbfqh_0f5_57vw00000gn/T/XcodeDistPipeline.rbF/Packages/airtnd.ipa'
2020-08-13 14:26:06 +0000  >>> Copying /var/folders/fj/s5v_w6tn4sbfqh_0f5_57vw00000gn/T/XcodeDistPipeline.rbF/Root 
2020-08-13 14:26:06 +0000  copying file ./BCSymbolMaps/337BD0F2-182F-3BD7-B522-0495F91FEED2.bcsymbolmap ... 
2020-08-13 14:26:06 +0000  1480963 bytes for ./BCSymbolMaps/337BD0F2-182F-3BD7-B522-0495F91FEED2.bcsymbolmap
copying file ./BCSymbolMaps/7396E47D-0164-352C-85EE-CDB3268BC740.bcsymbolmap ... 
2020-08-13 14:26:07 +0000  1438837 bytes for ./BCSymbolMaps/7396E47D-0164-352C-85EE-CDB3268BC740.bcsymbolmap
copying file ./Payload/airtnd.app/_CodeSignature/CodeResources ... 
14830 bytes for ./Payload/airtnd.app/_CodeSignature/CodeResources
copying file ./Payload/airtnd.app/AccessibilityResources.bundle/en.lproj/Localizable.strings ... 
2020-08-13 14:26:07 +0000  530 bytes for ./Payload/airtnd.app/AccessibilityResources.bundle/en.lproj/Localizable.strings
copying file ./Payload/airtnd.app/AccessibilityResources.bundle/Info.plist ... 
745 bytes for ./Payload/airtnd.app/AccessibilityResources.bundle/Info.plist
copying file ./Payload/airtnd.app/airtnd ... 
2020-08-13 14:26:13 +0000  38787584 bytes for ./Payload/airtnd.app/airtnd
copying file ./Payload/airtnd.app/assets/app.json ... 
2020-08-13 14:26:13 +0000  49 bytes for ./Payload/airtnd.app/assets/app.json
2020-08-13 14:26:13 +0000  copying file ./Payload/airtnd.app/assets/node_modules/react-native/Libraries/NewAppScreen/components/logo.png ... 
2020-08-13 14:26:13 +0000  24031 bytes for ./Payload/airtnd.app/assets/node_modules/react-native/Libraries/NewAppScreen/components/logo.png
2020-08-13 14:26:13 +0000  copying file ./Payload/airtnd.app/assets/node_modules/react-navigation-stack/lib/module/vendor/views/assets/back-icon-mask.png ... 
2020-08-13 14:26:13 +0000  913 bytes for ./Payload/airtnd.app/assets/node_modules/react-navigation-stack/lib/module/vendor/views/assets/back-icon-mask.png
copying file ./Payload/airtnd.app/assets/node_modules/react-navigation-stack/lib/module/vendor/views/assets/back-icon.png ... 
2020-08-13 14:26:13 +0000  290 bytes for ./Payload/airtnd.app/assets/node_modules/react-navigation-stack/lib/module/vendor/views/assets/back-icon.png
2020-08-13 14:26:13 +0000  copying file ./Payload/airtnd.app/assets/node_modules/react-navigation-stack/lib/module/vendor/views/assets/back-icon@2x.png ... 
2020-08-13 14:26:13 +0000  405 bytes for ./Payload/airtnd.app/assets/node_modules/react-navigation-stack/lib/module/vendor/views/assets/back-icon@2x.png
copying file ./Payload/airtnd.app/assets/node_modules/react-navigation-stack/lib/module/vendor/views/assets/back-icon@3x.png ... 
2020-08-13 14:26:13 +0000  761 bytes for ./Payload/airtnd.app/assets/node_modules/react-navigation-stack/lib/module/vendor/views/assets/back-icon@3x.png
2020-08-13 14:26:13 +0000  copying file ./Payload/airtnd.app/assets/src/imgs/1.png ... 
2020-08-13 14:26:13 +0000  12850 bytes for ./Payload/airtnd.app/assets/src/imgs/1.png
copying file ./Payload/airtnd.app/assets/src/imgs/2.png ... 
2020-08-13 14:26:13 +0000  800 bytes for ./Payload/airtnd.app/assets/src/imgs/2.png
copying file ./Payload/airtnd.app/assets/src/imgs/9mobile.png ... 
2020-08-13 14:26:13 +0000  4595 bytes for ./Payload/airtnd.app/assets/src/imgs/9mobile.png
copying file ./Payload/airtnd.app/assets/src/imgs/about.png ... 
2020-08-13 14:26:13 +0000  587 bytes for ./Payload/airtnd.app/assets/src/imgs/about.png
copying file ./Payload/airtnd.app/assets/src/imgs/airtel.png ... 
2020-08-13 14:26:13 +0000  2184 bytes for ./Payload/airtnd.app/assets/src/imgs/airtel.png
copying file ./Payload/airtnd.app/assets/src/imgs/back.png ... 
2020-08-13 14:26:13 +0000  2717 bytes for ./Payload/airtnd.app/assets/src/imgs/back.png
copying file ./Payload/airtnd.app/assets/src/imgs/check-circle.png ... 
2020-08-13 14:26:13 +0000  6756 bytes for ./Payload/airtnd.app/assets/src/imgs/check-circle.png
copying file ./Payload/airtnd.app/assets/src/imgs/contact.png ... 
2020-08-13 14:26:13 +0000  503 bytes for ./Payload/airtnd.app/assets/src/imgs/contact.png
copying file ./Payload/airtnd.app/assets/src/imgs/edit-profile.png ... 
2020-08-13 14:26:13 +0000  427 bytes for ./Payload/airtnd.app/assets/src/imgs/edit-profile.png
copying file ./Payload/airtnd.app/assets/src/imgs/glo.png ... 
2020-08-13 14:26:13 +0000  3498 bytes for ./Payload/airtnd.app/assets/src/imgs/glo.png
copying file ./Payload/airtnd.app/assets/src/imgs/home.png ... 
2020-08-13 14:26:13 +0000  392 bytes for ./Payload/airtnd.app/assets/src/imgs/home.png
copying file ./Payload/airtnd.app/assets/src/imgs/home1.png ... 
2020-08-13 14:26:13 +0000  383 bytes for ./Payload/airtnd.app/assets/src/imgs/home1.png
2020-08-13 14:26:13 +0000  copying file ./Payload/airtnd.app/assets/src/imgs/logo.png ... 
2020-08-13 14:26:13 +0000  6586 bytes for ./Payload/airtnd.app/assets/src/imgs/logo.png
copying file ./Payload/airtnd.app/assets/src/imgs/logout.png ... 
2020-08-13 14:26:13 +0000  22855 bytes for ./Payload/airtnd.app/assets/src/imgs/logout.png
copying file ./Payload/airtnd.app/assets/src/imgs/mobile1.png ... 
2020-08-13 14:26:13 +0000  2659 bytes for ./Payload/airtnd.app/assets/src/imgs/mobile1.png
copying file ./Payload/airtnd.app/assets/src/imgs/mobile2.png ... 
2020-08-13 14:26:13 +0000  8225 bytes for ./Payload/airtnd.app/assets/src/imgs/mobile2.png
copying file ./Payload/airtnd.app/assets/src/imgs/mtn.png ... 
2020-08-13 14:26:13 +0000  1801 bytes for ./Payload/airtnd.app/assets/src/imgs/mtn.png
copying file ./Payload/airtnd.app/assets/src/imgs/profile.png ... 
2020-08-13 14:26:13 +0000  337 bytes for ./Payload/airtnd.app/assets/src/imgs/profile.png
copying file ./Payload/airtnd.app/assets/src/imgs/profile1.png ... 
2020-08-13 14:26:13 +0000  333 bytes for ./Payload/airtnd.app/assets/src/imgs/profile1.png
copying file ./Payload/airtnd.app/assets/src/imgs/round-profile.png ... 
2020-08-13 14:26:13 +0000  4078 bytes for ./Payload/airtnd.app/assets/src/imgs/round-profile.png
copying file ./Payload/airtnd.app/assets/src/imgs/selected.png ... 
2020-08-13 14:26:13 +0000  2206 bytes for ./Payload/airtnd.app/assets/src/imgs/selected.png
2020-08-13 14:26:13 +0000  copying file ./Payload/airtnd.app/assets/src/imgs/settings.png ... 
2020-08-13 14:26:13 +0000  767 bytes for ./Payload/airtnd.app/assets/src/imgs/settings.png
copying file ./Payload/airtnd.app/assets/src/imgs/transaction.png ... 
2020-08-13 14:26:13 +0000  391 bytes for ./Payload/airtnd.app/assets/src/imgs/transaction.png
copying file ./Payload/airtnd.app/assets/src/imgs/transaction1.png ... 
2020-08-13 14:26:13 +0000  397 bytes for ./Payload/airtnd.app/assets/src/imgs/transaction1.png
copying file ./Payload/airtnd.app/assets/src/imgs/unselected.png ... 
2020-08-13 14:26:13 +0000  778 bytes for ./Payload/airtnd.app/assets/src/imgs/unselected.png
copying file ./Payload/airtnd.app/assets/src/imgs/wallet.png ... 
2020-08-13 14:26:13 +0000  615 bytes for ./Payload/airtnd.app/assets/src/imgs/wallet.png
2020-08-13 14:26:13 +0000  copying file ./Payload/airtnd.app/Assets.car ... 
2020-08-13 14:26:13 +0000  38520 bytes for ./Payload/airtnd.app/Assets.car
copying file ./Payload/airtnd.app/Base.lproj/LaunchScreen.nib ... 
2020-08-13 14:26:13 +0000  1278 bytes for ./Payload/airtnd.app/Base.lproj/LaunchScreen.nib
copying file ./Payload/airtnd.app/embedded.mobileprovision ... 
2020-08-13 14:26:13 +0000  13310 bytes for ./Payload/airtnd.app/embedded.mobileprovision
copying file ./Payload/airtnd.app/Info.plist ... 
1333 bytes for ./Payload/airtnd.app/Info.plist
copying file ./Payload/airtnd.app/main.jsbundle ... 
2020-08-13 14:26:13 +0000  1197831 bytes for ./Payload/airtnd.app/main.jsbundle
copying file ./Payload/airtnd.app/PkgInfo ... 
2020-08-13 14:26:13 +0000  8 bytes for ./Payload/airtnd.app/PkgInfo
2020-08-13 14:26:13 +0000  /usr/bin/ditto exited with 0
2020-08-13 14:26:13 +0000  Processing step: IDEDistributionAppStoreInformationStep
2020-08-13 14:26:13 +0000  Skipping step: IDEDistributionAppStoreInformationStep because it said so
2020-08-13 14:26:13 +0000  Processing step: IDEDistributionCreateManifestStep
2020-08-13 14:26:13 +0000  Skipping step: IDEDistributionCreateManifestStep because it said so
